<?xml version="1.0" encoding="UTF-8"?>
<!-- Generated by org.testng.reporters.JUnitXMLReporter -->
<testsuite hostname="Kuan-Weis-Air" name="order" tests="5" failures="0" timestamp="9 Nov 2017 02:23:27 GMT" time="27.16" errors="0">
  <testcase name="f" time="0.001" classname="test.TestCore"/>
  <testcase name="f" time="0.0" classname="test.TestDemo"/>
  <testcase name="testFunction" time="12.6" classname="test.TestDemo"/>
  <testcase name="f" time="0.001" classname="test.TestFailDemo"/>
  <testcase name="testFunction" time="7.328" classname="test.TestFailDemo"/>
</testsuite> <!-- order -->
