<?xml version="1.0" encoding="UTF-8"?>
<testng-results skipped="0" failed="0" total="5" passed="5">
  <reporter-output>
  </reporter-output>
  <suite name="TestAll" duration-ms="27160" started-at="2017-11-09T02:23:00Z" finished-at="2017-11-09T02:23:27Z">
    <groups>
    </groups>
    <test name="order" duration-ms="27160" started-at="2017-11-09T02:23:00Z" finished-at="2017-11-09T02:23:27Z">
      <class name="test.TestCore">
        <test-method status="PASS" signature="setup()[pri:0, instance:test.TestCore@2ac1fdc4]" name="setup" is-config="true" duration-ms="2193" started-at="2017-11-09T10:23:00Z" finished-at="2017-11-09T10:23:02Z">
          <reporter-output>
          </reporter-output>
        </test-method> <!-- setup -->
        <test-method status="PASS" signature="f()[pri:0, instance:test.TestCore@2ac1fdc4]" name="f" duration-ms="1" started-at="2017-11-09T10:23:02Z" finished-at="2017-11-09T10:23:02Z">
          <reporter-output>
          </reporter-output>
        </test-method> <!-- f -->
        <test-method status="PASS" signature="beforeMethod()[pri:0, instance:test.TestCore@2ac1fdc4]" name="beforeMethod" is-config="true" duration-ms="0" started-at="2017-11-09T10:23:02Z" finished-at="2017-11-09T10:23:02Z">
          <reporter-output>
          </reporter-output>
        </test-method> <!-- beforeMethod -->
        <test-method status="PASS" signature="afterMethod()[pri:0, instance:test.TestCore@2ac1fdc4]" name="afterMethod" is-config="true" duration-ms="0" started-at="2017-11-09T10:23:02Z" finished-at="2017-11-09T10:23:02Z">
          <reporter-output>
          </reporter-output>
        </test-method> <!-- afterMethod -->
        <test-method status="PASS" signature="tearDown()[pri:0, instance:test.TestCore@2ac1fdc4]" name="tearDown" is-config="true" duration-ms="125" started-at="2017-11-09T10:23:02Z" finished-at="2017-11-09T10:23:02Z">
          <reporter-output>
          </reporter-output>
        </test-method> <!-- tearDown -->
      </class> <!-- test.TestCore -->
      <class name="test.TestDemo">
        <test-method status="PASS" signature="setup()[pri:0, instance:test.TestDemo@17ed40e0]" name="setup" is-config="true" duration-ms="1190" started-at="2017-11-09T10:23:02Z" finished-at="2017-11-09T10:23:03Z">
          <reporter-output>
          </reporter-output>
        </test-method> <!-- setup -->
        <test-method status="PASS" signature="f()[pri:0, instance:test.TestDemo@17ed40e0]" name="f" duration-ms="0" started-at="2017-11-09T10:23:03Z" finished-at="2017-11-09T10:23:03Z">
          <reporter-output>
          </reporter-output>
        </test-method> <!-- f -->
        <test-method status="PASS" signature="beforeMethod()[pri:0, instance:test.TestDemo@17ed40e0]" name="beforeMethod" is-config="true" duration-ms="0" started-at="2017-11-09T10:23:03Z" finished-at="2017-11-09T10:23:03Z">
          <reporter-output>
          </reporter-output>
        </test-method> <!-- beforeMethod -->
        <test-method status="PASS" signature="afterMethod()[pri:0, instance:test.TestDemo@17ed40e0]" name="afterMethod" is-config="true" duration-ms="1" started-at="2017-11-09T10:23:03Z" finished-at="2017-11-09T10:23:03Z">
          <reporter-output>
          </reporter-output>
        </test-method> <!-- afterMethod -->
        <test-method status="PASS" signature="beforeMethod()[pri:0, instance:test.TestDemo@17ed40e0]" name="beforeMethod" is-config="true" duration-ms="1" started-at="2017-11-09T10:23:03Z" finished-at="2017-11-09T10:23:03Z">
          <reporter-output>
          </reporter-output>
        </test-method> <!-- beforeMethod -->
        <test-method status="PASS" signature="testFunction()[pri:0, instance:test.TestDemo@17ed40e0]" name="testFunction" duration-ms="12600" started-at="2017-11-09T10:23:03Z" finished-at="2017-11-09T10:23:16Z">
          <reporter-output>
          </reporter-output>
        </test-method> <!-- testFunction -->
        <test-method status="PASS" signature="afterMethod()[pri:0, instance:test.TestDemo@17ed40e0]" name="afterMethod" is-config="true" duration-ms="2" started-at="2017-11-09T10:23:16Z" finished-at="2017-11-09T10:23:16Z">
          <reporter-output>
          </reporter-output>
        </test-method> <!-- afterMethod -->
        <test-method status="PASS" signature="tearDown()[pri:0, instance:test.TestDemo@17ed40e0]" name="tearDown" is-config="true" duration-ms="591" started-at="2017-11-09T10:23:16Z" finished-at="2017-11-09T10:23:16Z">
          <reporter-output>
          </reporter-output>
        </test-method> <!-- tearDown -->
      </class> <!-- test.TestDemo -->
      <class name="test.TestFailDemo">
        <test-method status="PASS" signature="setup()[pri:0, instance:test.TestFailDemo@5f150435]" name="setup" is-config="true" duration-ms="2900" started-at="2017-11-09T10:23:16Z" finished-at="2017-11-09T10:23:19Z">
          <reporter-output>
          </reporter-output>
        </test-method> <!-- setup -->
        <test-method status="PASS" signature="beforeMethod()[pri:0, instance:test.TestFailDemo@5f150435]" name="beforeMethod" is-config="true" duration-ms="2" started-at="2017-11-09T10:23:19Z" finished-at="2017-11-09T10:23:19Z">
          <reporter-output>
          </reporter-output>
        </test-method> <!-- beforeMethod -->
        <test-method status="PASS" signature="f()[pri:0, instance:test.TestFailDemo@5f150435]" name="f" duration-ms="1" started-at="2017-11-09T10:23:19Z" finished-at="2017-11-09T10:23:19Z">
          <reporter-output>
          </reporter-output>
        </test-method> <!-- f -->
        <test-method status="PASS" signature="afterMethod()[pri:0, instance:test.TestFailDemo@5f150435]" name="afterMethod" is-config="true" duration-ms="2" started-at="2017-11-09T10:23:19Z" finished-at="2017-11-09T10:23:19Z">
          <reporter-output>
          </reporter-output>
        </test-method> <!-- afterMethod -->
        <test-method status="PASS" signature="testFunction()[pri:0, instance:test.TestFailDemo@5f150435]" name="testFunction" duration-ms="7328" started-at="2017-11-09T10:23:19Z" finished-at="2017-11-09T10:23:27Z">
          <reporter-output>
          </reporter-output>
        </test-method> <!-- testFunction -->
        <test-method status="PASS" signature="beforeMethod()[pri:0, instance:test.TestFailDemo@5f150435]" name="beforeMethod" is-config="true" duration-ms="0" started-at="2017-11-09T10:23:19Z" finished-at="2017-11-09T10:23:19Z">
          <reporter-output>
          </reporter-output>
        </test-method> <!-- beforeMethod -->
        <test-method status="PASS" signature="tearDown()[pri:0, instance:test.TestFailDemo@5f150435]" name="tearDown" is-config="true" duration-ms="180" started-at="2017-11-09T10:23:27Z" finished-at="2017-11-09T10:23:27Z">
          <reporter-output>
          </reporter-output>
        </test-method> <!-- tearDown -->
        <test-method status="PASS" signature="afterMethod()[pri:0, instance:test.TestFailDemo@5f150435]" name="afterMethod" is-config="true" duration-ms="0" started-at="2017-11-09T10:23:27Z" finished-at="2017-11-09T10:23:27Z">
          <reporter-output>
          </reporter-output>
        </test-method> <!-- afterMethod -->
      </class> <!-- test.TestFailDemo -->
    </test> <!-- order -->
  </suite> <!-- TestAll -->
</testng-results>
